[debug] [2021-04-16T20:01:04.928Z] ----------------------------------------------------------------------
[debug] [2021-04-16T20:01:04.930Z] Command:       D:\ProgramDataFiles\nodejs\node.exe C:\Users\Gerardo Luna\AppData\Roaming\npm\node_modules\firebase-tools\lib\bin\firebase.js init
[debug] [2021-04-16T20:01:04.931Z] CLI Version:   9.10.0
[debug] [2021-04-16T20:01:04.931Z] Platform:      win32
[debug] [2021-04-16T20:01:04.931Z] Node Version:  v14.15.5
[debug] [2021-04-16T20:01:04.932Z] Time:          Fri Apr 16 2021 15:01:04 GMT-0500 (hora de verano central)
[debug] [2021-04-16T20:01:04.932Z] ----------------------------------------------------------------------
[debug] 
[debug] [2021-04-16T20:01:04.940Z] > command requires scopes: ["email","openid","https://www.googleapis.com/auth/cloudplatformprojects.readonly","https://www.googleapis.com/auth/firebase","https://www.googleapis.com/auth/cloud-platform"]
[debug] [2021-04-16T20:01:04.941Z] > authorizing via signed-in user (daniellv.ti18@utsjr.edu.mx)
[info] 
     ######## #### ########  ######## ########     ###     ######  ########
     ##        ##  ##     ## ##       ##     ##  ##   ##  ##       ##
     ######    ##  ########  ######   ########  #########  ######  ######
     ##        ##  ##    ##  ##       ##     ## ##     ##       ## ##
     ##       #### ##     ## ######## ########  ##     ##  ######  ########

You're about to initialize a Firebase project in this directory:

  D:\UT TEMP DATA\8vo Cuatrimestre\Desarrollo Web Profesional\Parcial 3\univeralClothing\dist

[info] 
=== Project Setup
[info] 
[info] First, let's associate this project directory with a Firebase project.
[info] You can create multiple project aliases by running firebase use --add, 
[info] but for now we'll just set up a default project.
[info] 
[debug] [2021-04-16T20:01:11.342Z] >>> [apiv2][query] GET https://firebase.googleapis.com/v1beta1/projects pageSize=100
[debug] [2021-04-16T20:01:11.945Z] <<< [apiv2][status] GET https://firebase.googleapis.com/v1beta1/projects 200
[debug] [2021-04-16T20:01:11.945Z] <<< [apiv2][body] GET https://firebase.googleapis.com/v1beta1/projects [omitted]
